# JRE version: OpenJDK Runtime Environment JBR-17.0.8.1+7-1059.3-nomod (17.0.8.1+7) (build 17.0.8.1+7-b1059.3)
# Java VM: OpenJDK 64-Bit Server VM JBR-17.0.8.1+7-1059.3-nomod (17.0.8.1+7-b1059.3, mixed mode, emulated-client, tiered, compressed oops, compressed class ptrs, g1 gc, windows-amd64)
GC Precious Log:
 CPUs: 12 total, 12 available
 Memory: 8042M
 Large Page Support: Disabled
 NUMA Support: Disabled
 Compressed Oops: Enabled (32-bit)
 Heap Region Size: 1M
 Heap Min Capacity: 8M
 Heap Initial Capacity: 126M
 Heap Max Capacity: 2012M
 Pre-touch: Disabled
 Parallel Workers: 10
 Concurrent Workers: 3
 Concurrent Refinement Workers: 10
 Periodic GC: Disabled
Heap:
 garbage-first heap   total 61440K, used 44366K [0x0000000082400000, 0x0000000100000000)
  region size 1024K, 25 young (25600K), 2 survivors (2048K)
 Metaspace       used 64952K, committed 65408K, reserved 1114112K
  class space    used 8921K, committed 9152K, reserved 1048576K
GC Heap History (20 events):
Event: 1.569 GC heap before
{Heap before GC invocations=3 (full 0):
 garbage-first heap   total 37888K, used 25787K [0x0000000082400000, 0x0000000100000000)
  region size 1024K, 20 young (20480K), 2 survivors (2048K)
 Metaspace       used 25815K, committed 26112K, reserved 1114112K
  class space    used 3072K, committed 3200K, reserved 1048576K
}
Event: 1.573 GC heap after
{Heap after GC invocations=4 (full 0):
 garbage-first heap   total 37888K, used 10601K [0x0000000082400000, 0x0000000100000000)
  region size 1024K, 4 young (4096K), 4 survivors (4096K)
 Metaspace       used 25815K, committed 26112K, reserved 1114112K
  class space    used 3072K, committed 3200K, reserved 1048576K
}
Event: 1.580 GC heap before
{Heap before GC invocations=4 (full 0):
 garbage-first heap   total 37888K, used 10601K [0x0000000082400000, 0x0000000100000000)
  region size 1024K, 5 young (5120K), 4 survivors (4096K)
 Metaspace       used 26019K, committed 26368K, reserved 1114112K
  class space    used 3097K, committed 3264K, reserved 1048576K
}
Event: 1.584 GC heap after
{Heap after GC invocations=5 (full 0):
 garbage-first heap   total 37888K, used 10836K [0x0000000082400000, 0x0000000100000000)
  region size 1024K, 1 young (1024K), 1 survivors (1024K)
 Metaspace       used 26019K, committed 26368K, reserved 1114112K
  class space    used 3097K, committed 3264K, reserved 1048576K
}
Event: 1.753 GC heap before
{Heap before GC invocations=5 (full 0):
 garbage-first heap   total 37888K, used 24148K [0x0000000082400000, 0x0000000100000000)
  region size 1024K, 15 young (15360K), 1 survivors (1024K)
 Metaspace       used 28510K, committed 28800K, reserved 1114112K
  class space    used 3450K, committed 3584K, reserved 1048576K
}
Event: 1.755 GC heap after
{Heap after GC invocations=6 (full 0):
 garbage-first heap   total 37888K, used 11708K [0x0000000082400000, 0x0000000100000000)
  region size 1024K, 2 young (2048K), 2 survivors (2048K)
 Metaspace       used 28510K, committed 28800K, reserved 1114112K
  class space    used 3450K, committed 3584K, reserved 1048576K
}
Event: 1.996 GC heap before
{Heap before GC invocations=6 (full 0):
 garbage-first heap   total 37888K, used 26044K [0x0000000082400000, 0x0000000100000000)
  region size 1024K, 16 young (16384K), 2 survivors (2048K)
 Metaspace       used 29341K, committed 29632K, reserved 1114112K
  class space    used 3591K, committed 3712K, reserved 1048576K
}
Event: 2.001 GC heap after
{Heap after GC invocations=7 (full 0):
 garbage-first heap   total 75776K, used 12847K [0x0000000082400000, 0x0000000100000000)
  region size 1024K, 2 young (2048K), 2 survivors (2048K)
 Metaspace       used 29341K, committed 29632K, reserved 1114112K
  class space    used 3591K, committed 3712K, reserved 1048576K
}
Event: 2.881 GC heap before
{Heap before GC invocations=7 (full 0):
 garbage-first heap   total 75776K, used 49711K [0x0000000082400000, 0x0000000100000000)
  region size 1024K, 38 young (38912K), 2 survivors (2048K)
 Metaspace       used 34882K, committed 35264K, reserved 1114112K
  class space    used 4445K, committed 4608K, reserved 1048576K
}
Event: 2.890 GC heap after
{Heap after GC invocations=8 (full 0):
 garbage-first heap   total 75776K, used 16047K [0x0000000082400000, 0x0000000100000000)
  region size 1024K, 5 young (5120K), 5 survivors (5120K)
 Metaspace       used 34882K, committed 35264K, reserved 1114112K
  class space    used 4445K, committed 4608K, reserved 1048576K
}
Event: 2.980 GC heap before
{Heap before GC invocations=8 (full 0):
 garbage-first heap   total 75776K, used 21167K [0x0000000082400000, 0x0000000100000000)
  region size 1024K, 11 young (11264K), 5 survivors (5120K)
 Metaspace       used 35743K, committed 36096K, reserved 1114112K
  class space    used 4628K, committed 4800K, reserved 1048576K
}
Event: 2.989 GC heap after
{Heap after GC invocations=9 (full 0):
 garbage-first heap   total 75776K, used 16500K [0x0000000082400000, 0x0000000100000000)
  region size 1024K, 1 young (1024K), 1 survivors (1024K)
 Metaspace       used 35743K, committed 36096K, reserved 1114112K
  class space    used 4628K, committed 4800K, reserved 1048576K
}
Event: 3.859 GC heap before
{Heap before GC invocations=10 (full 0):
 garbage-first heap   total 61440K, used 52340K [0x0000000082400000, 0x0000000100000000)
  region size 1024K, 36 young (36864K), 1 survivors (1024K)
 Metaspace       used 45787K, committed 46272K, reserved 1114112K
  class space    used 5911K, committed 6144K, reserved 1048576K
}
Event: 3.862 GC heap after
{Heap after GC invocations=11 (full 0):
 garbage-first heap   total 61440K, used 19898K [0x0000000082400000, 0x0000000100000000)
  region size 1024K, 4 young (4096K), 4 survivors (4096K)
 Metaspace       used 45787K, committed 46272K, reserved 1114112K
  class space    used 5911K, committed 6144K, reserved 1048576K
}
Event: 4.350 GC heap before
{Heap before GC invocations=11 (full 0):
 garbage-first heap   total 61440K, used 44474K [0x0000000082400000, 0x0000000100000000)
  region size 1024K, 29 young (29696K), 4 survivors (4096K)
 Metaspace       used 51568K, committed 52096K, reserved 1114112K
  class space    used 6775K, committed 7040K, reserved 1048576K
}
Event: 4.354 GC heap after
{Heap after GC invocations=12 (full 0):
 garbage-first heap   total 61440K, used 21670K [0x0000000082400000, 0x0000000100000000)
  region size 1024K, 2 young (2048K), 2 survivors (2048K)
 Metaspace       used 51568K, committed 52096K, reserved 1114112K
  class space    used 6775K, committed 7040K, reserved 1048576K
}
Event: 4.783 GC heap before
{Heap before GC invocations=12 (full 0):
 garbage-first heap   total 61440K, used 45222K [0x0000000082400000, 0x0000000100000000)
  region size 1024K, 26 young (26624K), 2 survivors (2048K)
 Metaspace       used 58246K, committed 58688K, reserved 1114112K
  class space    used 7734K, committed 7936K, reserved 1048576K
}
Event: 4.786 GC heap after
{Heap after GC invocations=13 (full 0):
 garbage-first heap   total 61440K, used 22958K [0x0000000082400000, 0x0000000100000000)
  region size 1024K, 4 young (4096K), 4 survivors (4096K)
 Metaspace       used 58246K, committed 58688K, reserved 1114112K
  class space    used 7734K, committed 7936K, reserved 1048576K
}
Event: 4.853 GC heap before
{Heap before GC invocations=13 (full 0):
 garbage-first heap   total 61440K, used 25006K [0x0000000082400000, 0x0000000100000000)
  region size 1024K, 7 young (7168K), 4 survivors (4096K)
 Metaspace       used 59840K, committed 60288K, reserved 1114112K
  class space    used 8026K, committed 8256K, reserved 1048576K
}
Event: 4.856 GC heap after
{Heap after GC invocations=14 (full 0):
 garbage-first heap   total 61440K, used 22862K [0x0000000082400000, 0x0000000100000000)
  region size 1024K, 2 young (2048K), 2 survivors (2048K)
 Metaspace       used 59840K, committed 60288K, reserved 1114112K
  class space    used 8026K, committed 8256K, reserved 1048576K
}

